<?xml version="1.0" encoding="UTF-8"?>
<testsuite name="ren.shuaipeng.demo.apolloclient.ApolloClientDemoApplicationTests" tests="1" skipped="0" failures="0" errors="0" timestamp="2021-08-24T10:19:12" hostname="ServerlessCode.local" time="0.382">
  <properties/>
  <testcase name="releaseConfig()" classname="ren.shuaipeng.demo.apolloclient.ApolloClientDemoApplicationTests" time="0.382"/>
  <system-out><![CDATA[18:19:11.562 [Test worker] DEBUG org.springframework.test.context.BootstrapUtils - Instantiating CacheAwareContextLoaderDelegate from class [org.springframework.test.context.cache.DefaultCacheAwareContextLoaderDelegate]
18:19:11.571 [Test worker] DEBUG org.springframework.test.context.BootstrapUtils - Instantiating BootstrapContext using constructor [public org.springframework.test.context.support.DefaultBootstrapContext(java.lang.Class,org.springframework.test.context.CacheAwareContextLoaderDelegate)]
18:19:11.597 [Test worker] DEBUG org.springframework.test.context.BootstrapUtils - Instantiating TestContextBootstrapper for test class [ren.shuaipeng.demo.apolloclient.ApolloClientDemoApplicationTests] from class [org.springframework.boot.test.context.SpringBootTestContextBootstrapper]
18:19:11.605 [Test worker] INFO org.springframework.boot.test.context.SpringBootTestContextBootstrapper - Neither @ContextConfiguration nor @ContextHierarchy found for test class [ren.shuaipeng.demo.apolloclient.ApolloClientDemoApplicationTests], using SpringBootContextLoader
18:19:11.608 [Test worker] DEBUG org.springframework.test.context.support.AbstractContextLoader - Did not detect default resource location for test class [ren.shuaipeng.demo.apolloclient.ApolloClientDemoApplicationTests]: class path resource [ren/shuaipeng/demo/apolloclient/ApolloClientDemoApplicationTests-context.xml] does not exist
18:19:11.609 [Test worker] DEBUG org.springframework.test.context.support.AbstractContextLoader - Did not detect default resource location for test class [ren.shuaipeng.demo.apolloclient.ApolloClientDemoApplicationTests]: class path resource [ren/shuaipeng/demo/apolloclient/ApolloClientDemoApplicationTestsContext.groovy] does not exist
18:19:11.609 [Test worker] INFO org.springframework.test.context.support.AbstractContextLoader - Could not detect default resource locations for test class [ren.shuaipeng.demo.apolloclient.ApolloClientDemoApplicationTests]: no resource found for suffixes {-context.xml, Context.groovy}.
18:19:11.609 [Test worker] INFO org.springframework.test.context.support.AnnotationConfigContextLoaderUtils - Could not detect default configuration classes for test class [ren.shuaipeng.demo.apolloclient.ApolloClientDemoApplicationTests]: ApolloClientDemoApplicationTests does not declare any static, non-private, non-final, nested classes annotated with @Configuration.
18:19:11.642 [Test worker] DEBUG org.springframework.test.context.support.ActiveProfilesUtils - Could not find an 'annotation declaring class' for annotation type [org.springframework.test.context.ActiveProfiles] and class [ren.shuaipeng.demo.apolloclient.ApolloClientDemoApplicationTests]
18:19:11.684 [Test worker] DEBUG org.springframework.context.annotation.ClassPathScanningCandidateComponentProvider - Identified candidate component class: file [/Users/coding/Downloads/apollo-client/build/classes/java/main/ren/shuaipeng/demo/apolloclient/ApolloClientDemoApplication.class]
18:19:11.685 [Test worker] INFO org.springframework.boot.test.context.SpringBootTestContextBootstrapper - Found @SpringBootConfiguration ren.shuaipeng.demo.apolloclient.ApolloClientDemoApplication for test class ren.shuaipeng.demo.apolloclient.ApolloClientDemoApplicationTests
18:19:11.747 [Test worker] DEBUG org.springframework.boot.test.context.SpringBootTestContextBootstrapper - @TestExecutionListeners is not present for class [ren.shuaipeng.demo.apolloclient.ApolloClientDemoApplicationTests]: using defaults.
18:19:11.747 [Test worker] INFO org.springframework.boot.test.context.SpringBootTestContextBootstrapper - Loaded default TestExecutionListener class names from location [META-INF/spring.factories]: [org.springframework.boot.test.autoconfigure.restdocs.RestDocsTestExecutionListener, org.springframework.boot.test.autoconfigure.web.client.MockRestServiceServerResetTestExecutionListener, org.springframework.boot.test.autoconfigure.web.servlet.MockMvcPrintOnlyOnFailureTestExecutionListener, org.springframework.boot.test.autoconfigure.web.servlet.WebDriverTestExecutionListener, org.springframework.boot.test.autoconfigure.webservices.client.MockWebServiceServerTestExecutionListener, org.springframework.boot.test.mock.mockito.MockitoTestExecutionListener, org.springframework.boot.test.mock.mockito.ResetMocksTestExecutionListener, org.springframework.test.context.web.ServletTestExecutionListener, org.springframework.test.context.support.DirtiesContextBeforeModesTestExecutionListener, org.springframework.test.context.event.ApplicationEventsTestExecutionListener, org.springframework.test.context.support.DependencyInjectionTestExecutionListener, org.springframework.test.context.support.DirtiesContextTestExecutionListener, org.springframework.test.context.transaction.TransactionalTestExecutionListener, org.springframework.test.context.jdbc.SqlScriptsTestExecutionListener, org.springframework.test.context.event.EventPublishingTestExecutionListener]
18:19:11.754 [Test worker] DEBUG org.springframework.boot.test.context.SpringBootTestContextBootstrapper - Skipping candidate TestExecutionListener [org.springframework.test.context.web.ServletTestExecutionListener] due to a missing dependency. Specify custom listener classes or make the default listener classes and their required dependencies available. Offending class: [javax/servlet/ServletContext]
18:19:11.756 [Test worker] DEBUG org.springframework.boot.test.context.SpringBootTestContextBootstrapper - Skipping candidate TestExecutionListener [org.springframework.test.context.transaction.TransactionalTestExecutionListener] due to a missing dependency. Specify custom listener classes or make the default listener classes and their required dependencies available. Offending class: [org/springframework/transaction/TransactionDefinition]
18:19:11.756 [Test worker] DEBUG org.springframework.boot.test.context.SpringBootTestContextBootstrapper - Skipping candidate TestExecutionListener [org.springframework.test.context.jdbc.SqlScriptsTestExecutionListener] due to a missing dependency. Specify custom listener classes or make the default listener classes and their required dependencies available. Offending class: [org/springframework/transaction/interceptor/TransactionAttribute]
18:19:11.756 [Test worker] INFO org.springframework.boot.test.context.SpringBootTestContextBootstrapper - Using TestExecutionListeners: [org.springframework.test.context.support.DirtiesContextBeforeModesTestExecutionListener@4dc17567, org.springframework.test.context.event.ApplicationEventsTestExecutionListener@3453e04b, org.springframework.boot.test.mock.mockito.MockitoTestExecutionListener@3b8dcdc5, org.springframework.boot.test.autoconfigure.SpringBootDependencyInjectionTestExecutionListener@788340ec, org.springframework.test.context.support.DirtiesContextTestExecutionListener@3eaf78d6, org.springframework.test.context.event.EventPublishingTestExecutionListener@155586f0, org.springframework.boot.test.autoconfigure.restdocs.RestDocsTestExecutionListener@40e3827a, org.springframework.boot.test.autoconfigure.web.client.MockRestServiceServerResetTestExecutionListener@22852eaa, org.springframework.boot.test.autoconfigure.web.servlet.MockMvcPrintOnlyOnFailureTestExecutionListener@67299be4, org.springframework.boot.test.autoconfigure.web.servlet.WebDriverTestExecutionListener@5ef2f3f7, org.springframework.boot.test.autoconfigure.webservices.client.MockWebServiceServerTestExecutionListener@25e4a01, org.springframework.boot.test.mock.mockito.ResetMocksTestExecutionListener@925d49e]
18:19:11.760 [Test worker] DEBUG org.springframework.test.context.support.AbstractDirtiesContextTestExecutionListener - Before test class: context [DefaultTestContext@1b83b37a testClass = ApolloClientDemoApplicationTests, testInstance = [null], testMethod = [null], testException = [null], mergedContextConfiguration = [MergedContextConfiguration@3981de54 testClass = ApolloClientDemoApplicationTests, locations = '{}', classes = '{class ren.shuaipeng.demo.apolloclient.ApolloClientDemoApplication}', contextInitializerClasses = '[]', activeProfiles = '{}', propertySourceLocations = '{}', propertySourceProperties = '{org.springframework.boot.test.context.SpringBootTestContextBootstrapper=true}', contextCustomizers = set[org.springframework.boot.test.autoconfigure.actuate.metrics.MetricsExportContextCustomizerFactory$DisableMetricExportContextCustomizer@5bf03ac, org.springframework.boot.test.autoconfigure.properties.PropertyMappingContextCustomizer@0, org.springframework.boot.test.autoconfigure.web.servlet.WebDriverContextCustomizerFactory$Customizer@4998f8f9, org.springframework.boot.test.context.filter.ExcludeFilterContextCustomizer@3f3a89cd, org.springframework.boot.test.json.DuplicateJsonObjectContextCustomizerFactory$DuplicateJsonObjectContextCustomizer@5d4ebaee, org.springframework.boot.test.mock.mockito.MockitoContextCustomizer@0, org.springframework.boot.test.web.client.TestRestTemplateContextCustomizer@7406a58c, org.springframework.boot.test.context.SpringBootTestArgs@1, org.springframework.boot.test.context.SpringBootTestWebEnvironment@458a4bda], contextLoader = 'org.springframework.boot.test.context.SpringBootContextLoader', parent = [null]], attributes = map[[empty]]], class annotated with @DirtiesContext [false] with mode [null].
18:19:11.943 [Test worker] DEBUG org.springframework.test.context.support.DependencyInjectionTestExecutionListener - Performing dependency injection for test context [[DefaultTestContext@1b83b37a testClass = ApolloClientDemoApplicationTests, testInstance = ren.shuaipeng.demo.apolloclient.ApolloClientDemoApplicationTests@1cd521c8, testMethod = [null], testException = [null], mergedContextConfiguration = [MergedContextConfiguration@3981de54 testClass = ApolloClientDemoApplicationTests, locations = '{}', classes = '{class ren.shuaipeng.demo.apolloclient.ApolloClientDemoApplication}', contextInitializerClasses = '[]', activeProfiles = '{}', propertySourceLocations = '{}', propertySourceProperties = '{org.springframework.boot.test.context.SpringBootTestContextBootstrapper=true}', contextCustomizers = set[org.springframework.boot.test.autoconfigure.actuate.metrics.MetricsExportContextCustomizerFactory$DisableMetricExportContextCustomizer@5bf03ac, org.springframework.boot.test.autoconfigure.properties.PropertyMappingContextCustomizer@0, org.springframework.boot.test.autoconfigure.web.servlet.WebDriverContextCustomizerFactory$Customizer@4998f8f9, org.springframework.boot.test.context.filter.ExcludeFilterContextCustomizer@3f3a89cd, org.springframework.boot.test.json.DuplicateJsonObjectContextCustomizerFactory$DuplicateJsonObjectContextCustomizer@5d4ebaee, org.springframework.boot.test.mock.mockito.MockitoContextCustomizer@0, org.springframework.boot.test.web.client.TestRestTemplateContextCustomizer@7406a58c, org.springframework.boot.test.context.SpringBootTestArgs@1, org.springframework.boot.test.context.SpringBootTestWebEnvironment@458a4bda], contextLoader = 'org.springframework.boot.test.context.SpringBootContextLoader', parent = [null]], attributes = map['org.springframework.test.context.event.ApplicationEventsTestExecutionListener.recordApplicationEvents' -> false]]].
18:19:11.960 [Test worker] DEBUG org.springframework.test.context.support.TestPropertySourceUtils - Adding inlined properties to environment: {spring.jmx.enabled=false, org.springframework.boot.test.context.SpringBootTestContextBootstrapper=true}

  .   ____          _            __ _ _
 /\\ / ___'_ __ _ _(_)_ __  __ _ \ \ \ \
( ( )\___ | '_ | '_| | '_ \/ _` | \ \ \ \
 \\/  ___)| |_)| | | | | || (_| |  ) ) ) )
  '  |____| .__|_| |_|_| |_\__, | / / / /
 =========|_|==============|___/=/_/_/_/
 :: Spring Boot ::                (v2.5.4)

2021-08-24 18:19:12.143  INFO 6473 --- [    Test worker] r.s.d.a.ApolloClientDemoApplicationTests : Starting ApolloClientDemoApplicationTests using Java 11 on ServerlessCode.local with PID 6473 (started by coding in /Users/coding/Downloads/apollo-client)
2021-08-24 18:19:12.145  INFO 6473 --- [    Test worker] r.s.d.a.ApolloClientDemoApplicationTests : No active profile set, falling back to default profiles: default
2021-08-24 18:19:12.537  INFO 6473 --- [    Test worker] r.s.d.a.ApolloClientDemoApplicationTests : Started ApolloClientDemoApplicationTests in 0.574 seconds (JVM running for 1.597)
]]></system-out>
  <system-err><![CDATA[]]></system-err>
</testsuite>
